2022-01-19 20:23:25.581  INFO 2716 --- [main] c.s.v.VNoticeBoardApplication            : Starting VNoticeBoardApplication using Java 17.0.1 on DESKTOP-6HD7MAC with PID 2716 (C:\Users\Murshalin\Documents\workspace-spring-tool-suite-4-4.13.0.RELEASE\vNoticeBoard\bin\main started by Murshalin in C:\Users\Murshalin\Documents\workspace-spring-tool-suite-4-4.13.0.RELEASE\vNoticeBoard)
2022-01-19 20:23:25.587 DEBUG 2716 --- [main] c.s.v.VNoticeBoardApplication            : Running with Spring Boot v2.6.2, Spring v5.3.14
2022-01-19 20:23:25.587  INFO 2716 --- [main] c.s.v.VNoticeBoardApplication            : No active profile set, falling back to default profiles: default
2022-01-19 20:23:27.201  INFO 2716 --- [main] o.s.b.w.embedded.tomcat.TomcatWebServer  : Tomcat initialized with port(s): 1010 (http)
2022-01-19 20:23:27.218  INFO 2716 --- [main] o.apache.catalina.core.StandardService   : Starting service [Tomcat]
2022-01-19 20:23:27.219  INFO 2716 --- [main] org.apache.catalina.core.StandardEngine  : Starting Servlet engine: [Apache Tomcat/9.0.56]
2022-01-19 20:23:27.412  INFO 2716 --- [main] o.a.c.c.C.[Tomcat].[localhost].[/]       : Initializing Spring embedded WebApplicationContext
2022-01-19 20:23:27.413  INFO 2716 --- [main] w.s.c.ServletWebServerApplicationContext : Root WebApplicationContext: initialization completed in 1415 ms
2022-01-19 20:23:28.404  INFO 2716 --- [main] o.s.b.w.embedded.tomcat.TomcatWebServer  : Tomcat started on port(s): 1010 (http) with context path ''
2022-01-19 20:23:28.426  INFO 2716 --- [main] c.s.v.VNoticeBoardApplication            : Started VNoticeBoardApplication in 3.602 seconds (JVM running for 4.959)
2022-01-19 20:23:35.063  INFO 2716 --- [http-nio-1010-exec-1] o.a.c.c.C.[Tomcat].[localhost].[/]       : Initializing Spring DispatcherServlet 'dispatcherServlet'
2022-01-19 20:23:35.064  INFO 2716 --- [http-nio-1010-exec-1] o.s.web.servlet.DispatcherServlet        : Initializing Servlet 'dispatcherServlet'
2022-01-19 20:23:35.067  INFO 2716 --- [http-nio-1010-exec-1] o.s.web.servlet.DispatcherServlet        : Completed initialization in 2 ms
2022-01-19 20:23:35.134 DEBUG 2716 --- [http-nio-1010-exec-1] c.s.v.controller.HomeController          : Rendering home page
2022-01-19 20:23:36.093  WARN 2716 --- [http-nio-1010-exec-1] n.n.u.t.expressions.ExpressionProcessor  : Fragment expression "layouts/main" is being wrapped as a Thymeleaf 3 fragment expression (~{...}) for backwards compatibility purposes.  This wrapping will be dropped in the next major version of the expression processor, so please rewrite as a Thymeleaf 3 fragment expression to future-proof your code.  See https://github.com/thymeleaf/thymeleaf/issues/451 for more information.
2022-01-19 20:23:44.332 DEBUG 2716 --- [http-nio-1010-exec-6] c.s.v.controller.HomeController          : Rendering home page
2022-01-19 20:25:15.312 DEBUG 2716 --- [http-nio-1010-exec-9] c.s.v.controller.HomeController          : Rendering home page
2022-01-19 20:25:48.836  INFO 2716 --- [RMI TCP Connection(6)-127.0.0.1] inMXBeanRegistrar$SpringApplicationAdmin : Application shutdown requested.
2022-01-19 20:25:54.740  INFO 7192 --- [main] c.s.v.VNoticeBoardApplication            : Starting VNoticeBoardApplication using Java 17.0.1 on DESKTOP-6HD7MAC with PID 7192 (C:\Users\Murshalin\Documents\workspace-spring-tool-suite-4-4.13.0.RELEASE\vNoticeBoard\bin\main started by Murshalin in C:\Users\Murshalin\Documents\workspace-spring-tool-suite-4-4.13.0.RELEASE\vNoticeBoard)
2022-01-19 20:25:54.746 DEBUG 7192 --- [main] c.s.v.VNoticeBoardApplication            : Running with Spring Boot v2.6.2, Spring v5.3.14
2022-01-19 20:25:54.746  INFO 7192 --- [main] c.s.v.VNoticeBoardApplication            : No active profile set, falling back to default profiles: default
2022-01-19 20:25:56.257  INFO 7192 --- [main] o.s.b.w.embedded.tomcat.TomcatWebServer  : Tomcat initialized with port(s): 1010 (http)
2022-01-19 20:25:56.273  INFO 7192 --- [main] o.apache.catalina.core.StandardService   : Starting service [Tomcat]
2022-01-19 20:25:56.274  INFO 7192 --- [main] org.apache.catalina.core.StandardEngine  : Starting Servlet engine: [Apache Tomcat/9.0.56]
2022-01-19 20:25:56.411  INFO 7192 --- [main] o.a.c.c.C.[Tomcat].[localhost].[/]       : Initializing Spring embedded WebApplicationContext
2022-01-19 20:25:56.411  INFO 7192 --- [main] w.s.c.ServletWebServerApplicationContext : Root WebApplicationContext: initialization completed in 1324 ms
2022-01-19 20:25:57.350  INFO 7192 --- [main] o.s.b.w.embedded.tomcat.TomcatWebServer  : Tomcat started on port(s): 1010 (http) with context path ''
2022-01-19 20:25:57.363  INFO 7192 --- [main] c.s.v.VNoticeBoardApplication            : Started VNoticeBoardApplication in 3.171 seconds (JVM running for 4.481)
2022-01-19 20:26:26.612  INFO 7192 --- [http-nio-1010-exec-1] o.a.c.c.C.[Tomcat].[localhost].[/]       : Initializing Spring DispatcherServlet 'dispatcherServlet'
2022-01-19 20:26:26.612  INFO 7192 --- [http-nio-1010-exec-1] o.s.web.servlet.DispatcherServlet        : Initializing Servlet 'dispatcherServlet'
2022-01-19 20:26:26.614  INFO 7192 --- [http-nio-1010-exec-1] o.s.web.servlet.DispatcherServlet        : Completed initialization in 1 ms
2022-01-19 20:26:26.653 DEBUG 7192 --- [http-nio-1010-exec-1] c.s.v.controller.HomeController          : Rendering home page
2022-01-19 20:26:27.369  WARN 7192 --- [http-nio-1010-exec-1] n.n.u.t.expressions.ExpressionProcessor  : Fragment expression "layouts/main" is being wrapped as a Thymeleaf 3 fragment expression (~{...}) for backwards compatibility purposes.  This wrapping will be dropped in the next major version of the expression processor, so please rewrite as a Thymeleaf 3 fragment expression to future-proof your code.  See https://github.com/thymeleaf/thymeleaf/issues/451 for more information.
2022-01-19 20:27:11.694  INFO 7192 --- [RMI TCP Connection(5)-127.0.0.1] inMXBeanRegistrar$SpringApplicationAdmin : Application shutdown requested.
